SF:lib\src\views\app_view.dart
DA:10,1
DA:11,1
DA:16,1
DA:17,3
DA:20,1
DA:22,1
DA:23,2
DA:25,1
DA:26,0
DA:27,0
DA:28,0
DA:32,1
DA:33,1
DA:34,1
DA:35,1
DA:37,1
DA:38,1
DA:40,3
LF:18
LH:15
end_of_record
SF:lib\src\assets\fonts\custom_icons.dart
DA:4,0
LF:1
LH:0
end_of_record
SF:lib\src\constants\auth.dart
DA:1,4
LF:1
LH:1
end_of_record
SF:lib\src\constants\defaultTheme.dart
DA:3,3
DA:4,1
DA:6,1
DA:7,1
DA:9,1
DA:10,1
DA:14,1
DA:15,1
DA:16,1
DA:17,1
DA:21,2
DA:24,1
DA:25,1
DA:26,1
DA:27,1
DA:28,1
DA:29,1
DA:30,1
DA:31,1
DA:32,1
DA:33,1
DA:34,1
DA:35,1
DA:36,1
DA:37,1
DA:38,1
DA:39,1
DA:40,1
DA:41,1
DA:42,1
DA:46,1
DA:47,1
DA:48,1
DA:49,1
DA:50,1
DA:51,1
DA:52,1
DA:53,1
DA:54,1
DA:55,1
DA:56,1
DA:58,1
DA:59,1
DA:61,1
DA:62,1
DA:63,1
DA:64,1
DA:65,1
DA:66,1
DA:67,1
DA:68,1
DA:69,1
DA:74,1
DA:75,1
DA:80,1
DA:81,1
DA:86,1
DA:87,1
DA:92,1
DA:93,1
DA:98,1
DA:99,1
DA:104,1
DA:105,1
DA:110,1
DA:111,1
DA:116,1
DA:117,1
DA:122,1
DA:123,1
DA:128,1
DA:129,1
DA:134,1
DA:135,1
DA:140,1
DA:141,1
DA:147,1
DA:148,1
DA:149,1
DA:150,1
DA:151,1
DA:156,1
DA:157,1
DA:162,1
DA:163,1
DA:168,1
DA:169,1
DA:174,1
DA:175,1
DA:180,1
DA:181,1
DA:186,1
DA:187,1
DA:192,1
DA:193,1
DA:198,1
DA:199,1
DA:204,1
DA:205,1
DA:210,1
DA:211,1
DA:216,1
DA:217,1
DA:222,1
DA:223,1
DA:229,1
DA:230,1
DA:231,1
DA:236,1
DA:237,1
DA:242,1
DA:243,1
DA:248,1
DA:249,1
DA:254,1
DA:255,1
DA:260,1
DA:261,1
DA:266,1
DA:267,1
DA:272,1
DA:273,1
DA:278,1
DA:279,1
DA:284,1
DA:285,1
DA:290,1
DA:291,1
DA:296,1
DA:297,1
DA:302,1
DA:303,1
DA:309,1
DA:310,1
DA:311,1
DA:316,1
DA:317,1
DA:322,1
DA:323,1
DA:328,1
DA:329,1
DA:337,1
DA:339,1
DA:340,1
DA:345,1
DA:346,1
DA:351,1
DA:352,1
DA:358,1
DA:359,1
DA:360,1
DA:361,1
DA:365,2
DA:367,1
DA:368,1
DA:369,1
DA:373,2
DA:375,1
DA:376,1
DA:377,1
DA:381,2
DA:383,1
DA:384,1
DA:385,1
DA:389,2
DA:391,1
DA:392,1
DA:393,1
DA:397,2
DA:399,1
DA:400,1
DA:401,1
DA:405,2
DA:408,1
DA:409,1
DA:413,1
DA:414,1
DA:418,1
DA:419,1
DA:423,1
DA:439,1
DA:440,1
DA:446,1
DA:448,1
DA:449,1
DA:451,1
DA:452,1
DA:454,1
DA:455,1
DA:456,1
DA:457,1
DA:458,1
DA:463,1
DA:464,1
DA:465,1
DA:470,1
DA:471,1
DA:472,1
DA:473,1
DA:474,1
DA:480,1
DA:481,1
DA:482,1
DA:483,1
DA:487,2
DA:492,3
DA:493,2
DA:494,1
DA:495,1
DA:496,1
DA:497,1
DA:498,1
DA:499,1
DA:500,1
DA:501,1
DA:502,1
DA:503,1
DA:506,1
DA:508,1
DA:509,1
DA:510,1
DA:512,1
DA:513,1
DA:514,1
DA:515,1
DA:516,1
DA:517,1
DA:518,1
DA:519,1
DA:520,1
DA:521,1
DA:522,1
DA:523,1
DA:524,1
DA:525,1
DA:526,1
DA:527,1
DA:528,1
DA:529,1
DA:530,1
DA:531,1
DA:532,1
DA:533,1
DA:537,1
DA:538,1
DA:539,1
DA:540,1
DA:544,2
DA:547,1
DA:548,1
DA:549,1
DA:550,1
DA:551,1
DA:552,1
DA:553,1
DA:554,1
DA:556,1
DA:557,1
DA:558,1
DA:559,1
DA:560,1
DA:561,1
DA:562,1
DA:563,1
DA:564,1
DA:565,1
DA:566,1
DA:569,1
DA:570,1
DA:571,1
DA:576,1
DA:577,1
DA:582,1
DA:583,1
DA:588,1
DA:589,1
DA:594,1
DA:595,1
DA:600,1
DA:601,1
DA:606,1
DA:607,1
DA:612,1
DA:613,1
DA:618,1
DA:619,1
DA:624,1
DA:625,1
DA:630,1
DA:631,1
DA:636,1
DA:637,1
DA:642,1
DA:643,1
DA:649,1
DA:650,1
DA:651,1
DA:656,1
DA:657,1
DA:662,1
DA:663,1
DA:668,1
DA:669,1
DA:674,1
DA:675,1
DA:680,1
DA:681,1
DA:686,1
DA:687,1
DA:692,1
DA:693,1
DA:698,1
DA:699,1
DA:704,1
DA:705,1
DA:710,1
DA:711,1
DA:716,1
DA:717,1
DA:722,1
DA:723,1
DA:729,1
DA:730,1
DA:731,1
DA:736,1
DA:737,1
DA:742,1
DA:743,1
DA:748,1
DA:749,1
DA:754,1
DA:755,1
DA:760,1
DA:761,1
DA:766,1
DA:767,1
DA:772,1
DA:773,1
DA:778,1
DA:779,1
DA:784,1
DA:785,1
DA:790,1
DA:791,1
DA:796,1
DA:797,1
DA:802,1
DA:803,1
DA:809,1
DA:810,1
DA:811,1
DA:816,1
DA:817,1
DA:822,1
DA:823,1
DA:828,1
DA:829,1
DA:837,1
DA:839,1
DA:840,1
DA:845,1
DA:846,1
DA:851,1
DA:852,1
DA:858,1
DA:859,1
DA:860,1
DA:861,1
DA:865,2
DA:867,1
DA:868,1
DA:869,1
DA:873,2
DA:875,1
DA:876,1
DA:877,1
DA:881,2
DA:883,1
DA:884,1
DA:885,1
DA:889,2
DA:891,1
DA:892,1
DA:893,1
DA:897,2
DA:899,1
DA:900,1
DA:901,1
DA:905,2
DA:908,1
DA:909,1
DA:913,1
DA:914,1
DA:918,1
DA:919,1
DA:923,1
DA:939,1
DA:940,1
DA:946,1
DA:948,1
DA:949,1
DA:951,1
DA:952,1
DA:954,1
DA:955,1
DA:956,1
DA:957,1
DA:958,1
DA:963,1
DA:964,1
DA:965,1
DA:970,1
DA:971,1
DA:972,1
DA:973,1
DA:974,1
DA:980,1
DA:981,1
DA:982,1
DA:983,1
DA:987,2
LF:421
LH:421
end_of_record
SF:lib\src\controllers\application_controller.dart
DA:7,1
LF:1
LH:1
end_of_record
SF:lib\src\controllers\auth\auth_controller.dart
DA:19,3
DA:21,1
DA:22,2
DA:23,2
DA:24,2
DA:25,2
DA:26,2
DA:27,2
DA:28,2
DA:30,1
DA:33,1
DA:35,1
DA:36,2
DA:39,0
DA:42,0
DA:48,0
DA:49,0
DA:52,0
DA:53,0
DA:56,0
DA:57,0
DA:60,0
DA:61,0
DA:64,0
DA:65,0
DA:66,0
DA:69,0
DA:70,0
DA:75,0
DA:76,0
DA:77,0
DA:79,0
DA:80,0
DA:83,0
DA:84,0
DA:86,0
DA:88,0
DA:89,0
DA:90,0
DA:93,0
DA:94,0
DA:95,0
DA:97,0
DA:98,0
DA:102,0
DA:103,0
DA:104,0
DA:106,0
DA:107,0
DA:110,0
DA:111,0
DA:112,0
DA:114,0
DA:116,0
DA:117,0
DA:118,0
DA:121,0
DA:122,0
DA:123,0
DA:125,0
DA:126,0
DA:127,0
DA:131,0
DA:132,0
DA:134,0
DA:135,0
DA:138,0
DA:140,0
DA:141,0
DA:142,0
DA:143,0
DA:144,0
DA:147,0
DA:148,0
DA:149,0
DA:154,0
DA:155,0
DA:156,0
DA:159,0
DA:161,0
DA:162,0
DA:163,0
DA:164,0
DA:169,0
DA:170,0
DA:171,0
DA:174,0
DA:176,0
DA:177,0
DA:178,0
DA:179,0
DA:184,0
DA:185,0
DA:186,0
DA:187,0
DA:190,0
DA:191,0
DA:194,0
DA:195,0
DA:201,0
DA:202,0
DA:203,0
DA:207,1
DA:208,2
DA:211,0
DA:212,0
DA:213,0
DA:217,0
DA:218,0
DA:219,0
DA:223,0
DA:224,0
DA:225,0
DA:229,0
DA:230,0
DA:231,0
DA:232,0
DA:234,0
LF:118
LH:15
end_of_record
SF:lib\src\models\user.dart
DA:9,0
DA:10,0
DA:11,0
DA:12,0
DA:13,0
LF:5
LH:0
end_of_record
SF:lib\src\services\auth.dart
DA:13,0
DA:15,0
DA:16,0
DA:17,0
DA:19,0
DA:24,0
DA:26,0
DA:27,0
DA:28,0
DA:30,0
DA:35,0
DA:37,0
DA:38,0
DA:39,0
DA:40,0
DA:41,0
DA:42,0
DA:44,0
DA:49,0
DA:51,0
DA:52,0
DA:53,0
DA:54,0
DA:55,0
DA:57,0
DA:58,0
DA:59,0
DA:61,0
DA:66,0
DA:68,0
DA:71,0
DA:76,0
DA:77,0
DA:80,1
DA:81,3
DA:84,0
DA:85,0
LF:37
LH:2
end_of_record
SF:lib\src\controllers\home\home_controller.dart
DA:7,3
DA:9,1
DA:10,1
DA:13,1
DA:15,0
DA:16,0
DA:17,0
DA:21,0
DA:22,0
DA:23,0
LF:10
LH:4
end_of_record
SF:lib\src\models\workout.dart
DA:7,0
LF:1
LH:0
end_of_record
SF:lib\src\views\landing_page.dart
DA:8,2
DA:10,1
DA:12,1
DA:14,1
LF:4
LH:4
end_of_record
SF:lib\src\views\auth\auth_page.dart
DA:10,2
DA:12,1
DA:13,1
DA:18,1
DA:20,1
DA:21,2
DA:23,1
DA:24,1
DA:25,1
DA:26,1
DA:27,1
DA:28,1
DA:29,2
DA:30,1
LF:14
LH:14
end_of_record
SF:lib\src\views\shared\logo.dart
DA:4,1
DA:6,1
DA:9,1
DA:10,1
DA:11,1
DA:12,1
DA:13,2
LF:7
LH:7
end_of_record
SF:lib\src\views\auth\components\auth_form_navigation_bar.dart
DA:6,1
DA:8,1
DA:10,1
DA:11,1
DA:12,1
DA:13,1
DA:14,1
DA:15,2
DA:16,1
DA:18,3
DA:20,1
DA:22,3
DA:23,1
DA:24,1
DA:26,1
DA:28,1
DA:30,1
LF:17
LH:17
end_of_record
SF:lib\src\views\auth\components\auth_providers_bar.dart
DA:6,1
DA:9,1
DA:11,1
DA:12,1
DA:13,1
DA:14,1
DA:15,1
DA:16,1
DA:17,1
DA:22,1
DA:23,1
DA:24,1
DA:25,1
DA:26,1
DA:27,1
DA:29,1
DA:33,1
DA:34,1
DA:37,1
DA:39,1
DA:40,1
DA:41,1
DA:42,1
DA:43,1
DA:44,1
DA:48,1
DA:49,1
DA:52,1
LF:28
LH:28
end_of_record
SF:lib\src\views\auth\components\auth_form.dart
DA:10,1
DA:12,1
DA:14,1
DA:15,1
DA:17,1
DA:18,0
DA:23,0
DA:27,1
DA:28,1
DA:29,1
DA:30,1
DA:31,1
DA:32,1
DA:33,1
DA:34,1
DA:35,1
DA:40,1
DA:41,1
DA:42,1
DA:44,1
DA:46,1
DA:50,1
DA:51,1
DA:52,1
DA:53,1
DA:54,1
DA:56,1
DA:58,1
DA:60,1
DA:65,1
DA:66,2
DA:68,1
DA:69,1
DA:70,1
DA:71,1
DA:72,1
DA:74,1
DA:76,2
DA:78,1
DA:83,1
DA:84,2
DA:86,1
DA:87,1
DA:88,1
DA:89,1
DA:90,1
DA:91,1
DA:93,1
DA:94,1
DA:97,3
DA:100,1
LF:51
LH:49
end_of_record
SF:lib\src\views\shared\button.dart
DA:3,1
DA:4,1
DA:6,1
DA:7,1
DA:11,1
LF:5
LH:5
end_of_record
SF:lib\src\views\shared\input.dart
DA:4,1
DA:5,1
DA:6,1
DA:7,1
DA:8,1
DA:10,1
DA:11,1
DA:12,2
DA:14,1
DA:15,2
DA:17,2
DA:19,1
DA:20,1
DA:22,1
DA:24,1
LF:15
LH:15
end_of_record
SF:lib\src\views\home\application_bar.dart
DA:5,0
DA:7,0
DA:9,0
DA:11,0
DA:12,0
DA:13,0
DA:14,0
DA:15,0
DA:16,0
DA:18,0
DA:21,0
DA:22,0
DA:23,0
DA:24,0
DA:26,0
DA:30,0
DA:31,0
LF:17
LH:0
end_of_record
SF:lib\src\views\home\home_page.dart
DA:7,0
DA:9,0
DA:10,0
DA:15,0
DA:18,0
DA:19,0
DA:20,0
DA:21,0
LF:8
LH:0
end_of_record
SF:lib\src\views\home\sidebar_menu.dart
DA:9,0
DA:11,0
DA:13,0
DA:14,0
DA:15,0
DA:16,0
DA:17,0
DA:18,0
DA:20,0
DA:21,0
DA:23,0
DA:24,0
DA:25,0
DA:26,0
DA:28,0
DA:29,0
DA:30,0
DA:31,0
DA:37,0
DA:38,0
DA:39,0
DA:40,0
DA:42,0
DA:43,0
DA:44,0
DA:45,0
DA:47,0
DA:48,0
DA:49,0
DA:50,0
LF:30
LH:0
end_of_record
SF:lib\src\views\workout\workout_list.dart
DA:24,0
DA:26,0
DA:28,0
DA:29,0
DA:30,0
DA:31,0
DA:32,0
DA:34,0
DA:35,0
DA:36,0
DA:41,0
LF:11
LH:0
end_of_record
SF:lib\src\views\shared\user_cached_avatar.dart
DA:7,0
DA:10,0
DA:14,0
DA:16,0
DA:17,0
DA:18,0
DA:19,0
DA:20,0
DA:22,0
LF:9
LH:0
end_of_record
SF:lib\src\views\shared\user_circle_avatar.dart
DA:5,0
DA:8,0
DA:12,0
DA:14,0
DA:15,0
DA:17,0
DA:18,0
DA:19,0
DA:20,0
LF:9
LH:0
end_of_record
SF:lib\src\views\workout\tile.dart
DA:6,0
DA:8,0
DA:13,0
DA:14,0
DA:18,0
DA:22,0
DA:27,0
DA:29,0
DA:30,0
DA:31,0
DA:32,0
DA:33,0
DA:34,0
DA:35,0
DA:38,0
DA:40,0
DA:41,0
DA:42,0
DA:43,0
DA:44,0
DA:46,0
DA:50,0
DA:51,0
DA:52,0
DA:53,0
DA:54,0
DA:60,0
DA:61,0
DA:62,0
DA:64,0
LF:30
LH:0
end_of_record
